0 info it worked if it ends with ok
1 verbose cli [ '/Users/pilagod/.nvm/versions/node/v6.3.0/bin/node',
1 verbose cli   '/Users/pilagod/.nvm/versions/node/v6.3.0/bin/npm',
1 verbose cli   'run',
1 verbose cli   'test-unit' ]
2 info using npm@3.10.3
3 info using node@v6.3.0
4 verbose run-script [ 'pretest-unit', 'test-unit', 'posttest-unit' ]
5 info lifecycle js-tracking@0.0.0~pretest-unit: js-tracking@0.0.0
6 silly lifecycle js-tracking@0.0.0~pretest-unit: no script for pretest-unit, continuing
7 info lifecycle js-tracking@0.0.0~test-unit: js-tracking@0.0.0
8 verbose lifecycle js-tracking@0.0.0~test-unit: unsafe-perm in lifecycle true
9 verbose lifecycle js-tracking@0.0.0~test-unit: PATH: /Users/pilagod/.nvm/versions/node/v6.3.0/lib/node_modules/npm/bin/node-gyp-bin:/Users/pilagod/OtherProjects/ChromeExtensions/js-tracking/node_modules/.bin:/Users/pilagod/.nvm/versions/node/v6.3.0/bin:/Users/pilagod/.nvm/versions/node/v6.3.0/bin:/Users/pilagod/bin:/usr/bin:/bin:/usr/sbin:/sbin:/usr/local/bin:/usr/local/git/bin:/Users/pilagod/mongodb/bin:/Users/pilagod/anaconda/bin
10 verbose lifecycle js-tracking@0.0.0~test-unit: CWD: /Users/pilagod/OtherProjects/ChromeExtensions/js-tracking
11 silly lifecycle js-tracking@0.0.0~test-unit: Args: [ '-c',
11 silly lifecycle   'node node_modules/istanbul/lib/cli.js cover node_modules/mocha/bin/_mocha test/EsprimaParser-unit.js' ]
12 silly lifecycle js-tracking@0.0.0~test-unit: Returned: code: 1  signal: null
13 info lifecycle js-tracking@0.0.0~test-unit: Failed to exec test-unit script
14 verbose stack Error: js-tracking@0.0.0 test-unit: `node node_modules/istanbul/lib/cli.js cover node_modules/mocha/bin/_mocha test/EsprimaParser-unit.js`
14 verbose stack Exit status 1
14 verbose stack     at EventEmitter.<anonymous> (/Users/pilagod/.nvm/versions/node/v6.3.0/lib/node_modules/npm/lib/utils/lifecycle.js:242:16)
14 verbose stack     at emitTwo (events.js:106:13)
14 verbose stack     at EventEmitter.emit (events.js:191:7)
14 verbose stack     at ChildProcess.<anonymous> (/Users/pilagod/.nvm/versions/node/v6.3.0/lib/node_modules/npm/lib/utils/spawn.js:40:14)
14 verbose stack     at emitTwo (events.js:106:13)
14 verbose stack     at ChildProcess.emit (events.js:191:7)
14 verbose stack     at maybeClose (internal/child_process.js:852:16)
14 verbose stack     at Process.ChildProcess._handle.onexit (internal/child_process.js:215:5)
15 verbose pkgid js-tracking@0.0.0
16 verbose cwd /Users/pilagod/OtherProjects/ChromeExtensions/js-tracking
17 error Darwin 15.5.0
18 error argv "/Users/pilagod/.nvm/versions/node/v6.3.0/bin/node" "/Users/pilagod/.nvm/versions/node/v6.3.0/bin/npm" "run" "test-unit"
19 error node v6.3.0
20 error npm  v3.10.3
21 error code ELIFECYCLE
22 error js-tracking@0.0.0 test-unit: `node node_modules/istanbul/lib/cli.js cover node_modules/mocha/bin/_mocha test/EsprimaParser-unit.js`
22 error Exit status 1
23 error Failed at the js-tracking@0.0.0 test-unit script 'node node_modules/istanbul/lib/cli.js cover node_modules/mocha/bin/_mocha test/EsprimaParser-unit.js'.
23 error Make sure you have the latest version of node.js and npm installed.
23 error If you do, this is most likely a problem with the js-tracking package,
23 error not with npm itself.
23 error Tell the author that this fails on your system:
23 error     node node_modules/istanbul/lib/cli.js cover node_modules/mocha/bin/_mocha test/EsprimaParser-unit.js
23 error You can get information on how to open an issue for this project with:
23 error     npm bugs js-tracking
23 error Or if that isn't available, you can get their info via:
23 error     npm owner ls js-tracking
23 error There is likely additional logging output above.
24 verbose exit [ 1, true ]
